-------------------------------------------------------------------------------
Test set: com.example.helloworld.controller.HelloWorldControllerTest
-------------------------------------------------------------------------------
Tests run: 1, Failures: 1, Errors: 0, Skipped: 0, Time elapsed: 0.788 s <<< FAILURE! - in com.example.helloworld.controller.HelloWorldControllerTest
shouldReturnExpectedMessage  Time elapsed: 0.059 s  <<< FAILURE!
java.lang.AssertionError: Status expected:<200> but was:<404>
	at com.example.helloworld.controller.HelloWorldControllerTest.shouldReturnExpectedMessage(HelloWorldControllerTest.java:24)

