<?xml version="1.0" encoding="UTF-8"?>
<testsuite xmlns:xsi="http://www.w3.org/2001/XMLSchema-instance" xsi:noNamespaceSchemaLocation="https://maven.apache.org/surefire/maven-surefire-plugin/xsd/surefire-test-report.xsd" name="com.example.helloworld.controller.HelloWorldControllerTest" time="0.788" tests="1" errors="0" skipped="0" failures="1">
  <properties>
[...]
</properties>
  <testcase name="shouldReturnExpectedMessage" classname="com.example.helloworld.controller.HelloWorldControllerTest" time="0.059">
    <failure message="Status expected:&lt;200&gt; but was:&lt;404&gt;" type="java.lang.AssertionError"><![CDATA[java.lang.AssertionError: Status expected:<200> but was:<404>
	at com.example.helloworld.controller.HelloWorldControllerTest.shouldReturnExpectedMessage(HelloWorldControllerTest.java:24)
]]></failure>
    <system-out><![CDATA[2023-03-07 14:20:24.900  INFO 6227 --- [           main] .b.t.c.SpringBootTestContextBootstrapper : Neither @ContextConfiguration nor @ContextHierarchy found for test class [com.example.helloworld.controller.HelloWorldControllerTest], using SpringBootContextLoader
2023-03-07 14:20:24.901  INFO 6227 --- [           main] o.s.t.c.support.AbstractContextLoader    : Could not detect default resource locations for test class [com.example.helloworld.controller.HelloWorldControllerTest]: no resource found for suffixes {-context.xml, Context.groovy}.
2023-03-07 14:20:24.901  INFO 6227 --- [           main] t.c.s.AnnotationConfigContextLoaderUtils : Could not detect default configuration classes for test class [com.example.helloworld.controller.HelloWorldControllerTest]: HelloWorldControllerTest does not declare any static, non-private, non-final, nested classes annotated with @Configuration.
2023-03-07 14:20:24.912  INFO 6227 --- [           main] .b.t.c.SpringBootTestContextBootstrapper : Found @SpringBootConfiguration com.example.helloworld.App for test class com.example.helloworld.controller.HelloWorldControllerTest
2023-03-07 14:20:24.914  INFO 6227 --- [           main] .b.t.c.SpringBootTestContextBootstrapper : Loaded default TestExecutionListener class names from location [META-INF/spring.factories]: [org.springframework.boot.test.mock.mockito.MockitoTestExecutionListener, org.springframework.boot.test.mock.mockito.ResetMocksTestExecutionListener, org.springframework.boot.test.autoconfigure.restdocs.RestDocsTestExecutionListener, org.springframework.boot.test.autoconfigure.web.client.MockRestServiceServerResetTestExecutionListener, org.springframework.boot.test.autoconfigure.web.servlet.MockMvcPrintOnlyOnFailureTestExecutionListener, org.springframework.boot.test.autoconfigure.web.servlet.WebDriverTestExecutionListener, org.springframework.boot.test.autoconfigure.webservices.client.MockWebServiceServerTestExecutionListener, org.springframework.test.context.web.ServletTestExecutionListener, org.springframework.test.context.support.DirtiesContextBeforeModesTestExecutionListener, org.springframework.test.context.event.ApplicationEventsTestExecutionListener, org.springframework.test.context.support.DependencyInjectionTestExecutionListener, org.springframework.test.context.support.DirtiesContextTestExecutionListener, org.springframework.test.context.transaction.TransactionalTestExecutionListener, org.springframework.test.context.jdbc.SqlScriptsTestExecutionListener, org.springframework.test.context.event.EventPublishingTestExecutionListener]
2023-03-07 14:20:24.916  INFO 6227 --- [           main] .b.t.c.SpringBootTestContextBootstrapper : Using TestExecutionListeners: [org.springframework.test.context.web.ServletTestExecutionListener@256589a1, org.springframework.test.context.support.DirtiesContextBeforeModesTestExecutionListener@935493d, org.springframework.test.context.event.ApplicationEventsTestExecutionListener@9b367c8, org.springframework.boot.test.mock.mockito.MockitoTestExecutionListener@34c62fdf, org.springframework.boot.test.autoconfigure.SpringBootDependencyInjectionTestExecutionListener@3de79067, org.springframework.test.context.support.DirtiesContextTestExecutionListener@1eb85a47, org.springframework.test.context.transaction.TransactionalTestExecutionListener@ca7e37f, org.springframework.test.context.jdbc.SqlScriptsTestExecutionListener@99a8de3, org.springframework.test.context.event.EventPublishingTestExecutionListener@87f501f, org.springframework.boot.test.mock.mockito.ResetMocksTestExecutionListener@54495935, org.springframework.boot.test.autoconfigure.restdocs.RestDocsTestExecutionListener@67c6f4d8, org.springframework.boot.test.autoconfigure.web.client.MockRestServiceServerResetTestExecutionListener@3a6e9856, org.springframework.boot.test.autoconfigure.web.servlet.MockMvcPrintOnlyOnFailureTestExecutionListener@4863c8ac, org.springframework.boot.test.autoconfigure.web.servlet.WebDriverTestExecutionListener@56fda064, org.springframework.boot.test.autoconfigure.webservices.client.MockWebServiceServerTestExecutionListener@6cdee57]

  .   ____          _            __ _ _
 /\\ / ___'_ __ _ _(_)_ __  __ _ \ \ \ \
( ( )\___ | '_ | '_| | '_ \/ _` | \ \ \ \
 \\/  ___)| |_)| | | | | || (_| |  ) ) ) )
  '  |____| .__|_| |_|_| |_\__, | / / / /
 =========|_|==============|___/=/_/_/_/
 :: Spring Boot ::                (v2.7.6)

2023-03-07 14:20:24.975  INFO 6227 --- [           main] c.e.h.c.HelloWorldControllerTest         : Starting HelloWorldControllerTest using Java 17.0.6 on ubuntu2004 with PID 6227 (started by ubuntu in /home/ubuntu/development/code/desarrollo-ejercicio)
2023-03-07 14:20:24.976  INFO 6227 --- [           main] c.e.h.c.HelloWorldControllerTest         : No active profile set, falling back to 1 default profile: "default"
2023-03-07 14:20:25.507  INFO 6227 --- [           main] com.example.helloworld.WebMvcConfig      : Disabling CORS
2023-03-07 14:20:25.687  INFO 6227 --- [           main] o.s.b.t.m.w.SpringBootMockServletContext : Initializing Spring TestDispatcherServlet ''
2023-03-07 14:20:25.688  INFO 6227 --- [           main] o.s.t.web.servlet.TestDispatcherServlet  : Initializing Servlet ''
2023-03-07 14:20:25.689  INFO 6227 --- [           main] o.s.t.web.servlet.TestDispatcherServlet  : Completed initialization in 1 ms
2023-03-07 14:20:25.696  INFO 6227 --- [           main] c.e.h.c.HelloWorldControllerTest         : Started HelloWorldControllerTest in 0.771 seconds (JVM running for 5.047)

MockHttpServletRequest:
      HTTP Method = GET
      Request URI = /hello
       Parameters = {}
          Headers = []
             Body = null
    Session Attrs = {}

Handler:
             Type = org.springframework.web.servlet.resource.ResourceHttpRequestHandler

Async:
    Async started = false
     Async result = null

Resolved Exception:
             Type = null

ModelAndView:
        View name = null
             View = null
            Model = null

FlashMap:
       Attributes = null

MockHttpServletResponse:
           Status = 404
    Error message = null
          Headers = [Vary:"Origin", "Access-Control-Request-Method", "Access-Control-Request-Headers"]
     Content type = null
             Body = 
    Forwarded URL = null
   Redirected URL = null
          Cookies = []
]]></system-out>
  </testcase>
</testsuite>